<?xml version="1.0" encoding="UTF-8"?>
<testng-results ignored="0" total="1" passed="1" failed="0" skipped="0">
  <reporter-output>
  </reporter-output>
  <suite started-at="2022-09-10T17:11:47 BST" name="Default suite" finished-at="2022-09-10T17:11:52 BST" duration-ms="5380">
    <groups>
    </groups>
    <test started-at="2022-09-10T17:11:47 BST" name="Default test" finished-at="2022-09-10T17:11:52 BST" duration-ms="5380">
      <class name="FunctionalTesting.getRequestAutomation">
        <test-method signature="getrequestautomation()[pri:0, instance:FunctionalTesting.getRequestAutomation@355ce81c]" started-at="2022-09-10T17:11:47 BST" name="getrequestautomation" finished-at="2022-09-10T17:11:52 BST" duration-ms="5297" status="PASS">
          <reporter-output>
          </reporter-output>
        </test-method> <!-- getrequestautomation -->
      </class> <!-- FunctionalTesting.getRequestAutomation -->
    </test> <!-- Default test -->
  </suite> <!-- Default suite -->
</testng-results>
